<?xml version='1.0'?>
<ns2:test-suite xmlns:ns2='urn:model.allure.qatools.yandex.ru' start='1668507826232' stop='1668507826399'>
    <name>Add and remove page: I can remove elements</name>
    <title>Add and remove page: I can remove elements</title>
    <test-cases>
        <test-case start='1668507826233' status='passed' stop='1668507826233'>
            <name></name>
            <title></title>
            <labels>
                <label name='language' value='javascript'/>
                <label name='framework' value='wdio'/>
                <label name='thread' value='0-0'/>
            </labels>
            <parameters>
                <parameter kind='argument' name='browser' value='chrome-107.0.5304.107'/>
            </parameters>
            <steps/>
            <attachments/>
        </test-case>
        <test-case start='1668507826233' status='passed' stop='1668507826398'>
            <name>Given I am on the "add_remove_elements/" page</name>
            <title>Given I am on the "add_remove_elements/" page</title>
            <labels>
                <label name='language' value='javascript'/>
                <label name='framework' value='wdio'/>
                <label name='thread' value='0-0'/>
            </labels>
            <parameters>
                <parameter kind='argument' name='browser' value='chrome-107.0.5304.107'/>
            </parameters>
            <steps>
                <step start='1668507826233' status='passed' stop='1668507826397'>
                    <name>POST /session/:sessionId/url</name>
                    <title>POST /session/:sessionId/url</title>
                    <attachments>
                        <attachment title='Request' source='0ddd8ae6-8b97-43e5-a56d-71201626e6a0-attachment.json' type='application/json' size='70'/>
                    </attachments>
                    <steps/>
                </step>
            </steps>
            <attachments/>
        </test-case>
        <test-case start='1668507826398' status='broken' stop='1668507826398'>
            <name>When I delete elemnts with clic &lt;delete></name>
            <title>When I delete elemnts with clic &lt;delete></title>
            <labels>
                <label name='language' value='javascript'/>
                <label name='framework' value='wdio'/>
                <label name='thread' value='0-0'/>
            </labels>
            <parameters>
                <parameter kind='argument' name='browser' value='chrome-107.0.5304.107'/>
            </parameters>
            <steps/>
            <attachments/>
            <failure>
                <message>Step "I delete elemnts with clic &lt;delete>" is not defined. You can ignore this error by setting cucumberOpts.ignoreUndefinedDefinitions as true.</message>
                <stack-trace>Step "I delete elemnts with clic &lt;delete>" is not defined. You can ignore this error by setting cucumberOpts.ignoreUndefinedDefinitions as true.
                	at Feature(C:\Users\pauli\Desktop\Evolution bootcamp\CodeScreen_1tfqajnk\features\add-remove-elements.feature):1:1
                	at Scenario(I can remove elements):12:1
                	at Step(I delete elemnts with clic &lt;delete>):13:5
                </stack-trace>
            </failure>
        </test-case>
        <test-case start='1668507826398' status='broken' stop='1668507826398'>
            <name>Then I should desapir field saying &lt;delete></name>
            <title>Then I should desapir field saying &lt;delete></title>
            <labels>
                <label name='language' value='javascript'/>
                <label name='framework' value='wdio'/>
                <label name='thread' value='0-0'/>
            </labels>
            <parameters>
                <parameter kind='argument' name='browser' value='chrome-107.0.5304.107'/>
            </parameters>
            <steps/>
            <attachments/>
            <failure>
                <message>Step "I should desapir field saying &lt;delete>" is not defined. You can ignore this error by setting cucumberOpts.ignoreUndefinedDefinitions as true.</message>
                <stack-trace>Step "I should desapir field saying &lt;delete>" is not defined. You can ignore this error by setting cucumberOpts.ignoreUndefinedDefinitions as true.
                	at Feature(C:\Users\pauli\Desktop\Evolution bootcamp\CodeScreen_1tfqajnk\features\add-remove-elements.feature):1:1
                	at Scenario(I can remove elements):12:1
                	at Step(I should desapir field saying &lt;delete>):14:5
                </stack-trace>
            </failure>
        </test-case>
        <test-case start='1668507826399' status='passed' stop='1668507826399'>
            <name></name>
            <title></title>
            <labels>
                <label name='language' value='javascript'/>
                <label name='framework' value='wdio'/>
                <label name='thread' value='0-0'/>
            </labels>
            <parameters>
                <parameter kind='argument' name='browser' value='chrome-107.0.5304.107'/>
            </parameters>
            <steps/>
            <attachments/>
        </test-case>
    </test-cases>
</ns2:test-suite>