<?xml version='1.0'?>
<ns2:test-suite xmlns:ns2='urn:model.allure.qatools.yandex.ru' start='1668510787314' stop='1668510787481'>
    <name>Add and remove page: I can remove elements</name>
    <title>Add and remove page: I can remove elements</title>
    <test-cases>
        <test-case start='1668510787314' status='passed' stop='1668510787314'>
            <name></name>
            <title></title>
            <labels>
                <label name='language' value='javascript'/>
                <label name='framework' value='wdio'/>
                <label name='thread' value='0-0'/>
            </labels>
            <parameters>
                <parameter kind='argument' name='browser' value='chrome-107.0.5304.107'/>
            </parameters>
            <steps/>
            <attachments/>
        </test-case>
        <test-case start='1668510787314' status='passed' stop='1668510787480'>
            <name>Given I am on the "add_remove_elements/" page</name>
            <title>Given I am on the "add_remove_elements/" page</title>
            <labels>
                <label name='language' value='javascript'/>
                <label name='framework' value='wdio'/>
                <label name='thread' value='0-0'/>
            </labels>
            <parameters>
                <parameter kind='argument' name='browser' value='chrome-107.0.5304.107'/>
            </parameters>
            <steps>
                <step start='1668510787315' status='passed' stop='1668510787480'>
                    <name>POST /session/:sessionId/url</name>
                    <title>POST /session/:sessionId/url</title>
                    <attachments>
                        <attachment title='Request' source='26ddf433-c00f-4cab-9151-c200a00bff80-attachment.json' type='application/json' size='70'/>
                    </attachments>
                    <steps/>
                </step>
            </steps>
            <attachments/>
        </test-case>
        <test-case start='1668510787480' status='broken' stop='1668510787481'>
            <name>When I delete elemnts with clic delete</name>
            <title>When I delete elemnts with clic delete</title>
            <labels>
                <label name='language' value='javascript'/>
                <label name='framework' value='wdio'/>
                <label name='thread' value='0-0'/>
            </labels>
            <parameters>
                <parameter kind='argument' name='browser' value='chrome-107.0.5304.107'/>
            </parameters>
            <steps/>
            <attachments/>
            <failure>
                <message>Step "I delete elemnts with clic delete" is not defined. You can ignore this error by setting cucumberOpts.ignoreUndefinedDefinitions as true.</message>
                <stack-trace>Step "I delete elemnts with clic delete" is not defined. You can ignore this error by setting cucumberOpts.ignoreUndefinedDefinitions as true.
                	at Feature(C:\Users\pauli\Desktop\Evolution bootcamp\CodeScreen_1tfqajnk\features\add-remove-elements.feature):1:1
                	at Scenario(I can remove elements):12:1
                	at Step(I delete elemnts with clic delete):13:5
                </stack-trace>
            </failure>
        </test-case>
        <test-case start='1668510787481' status='broken' stop='1668510787481'>
            <name>Then I should desapir field saying delete</name>
            <title>Then I should desapir field saying delete</title>
            <labels>
                <label name='language' value='javascript'/>
                <label name='framework' value='wdio'/>
                <label name='thread' value='0-0'/>
            </labels>
            <parameters>
                <parameter kind='argument' name='browser' value='chrome-107.0.5304.107'/>
            </parameters>
            <steps/>
            <attachments/>
            <failure>
                <message>Step "I should desapir field saying delete" is not defined. You can ignore this error by setting cucumberOpts.ignoreUndefinedDefinitions as true.</message>
                <stack-trace>Step "I should desapir field saying delete" is not defined. You can ignore this error by setting cucumberOpts.ignoreUndefinedDefinitions as true.
                	at Feature(C:\Users\pauli\Desktop\Evolution bootcamp\CodeScreen_1tfqajnk\features\add-remove-elements.feature):1:1
                	at Scenario(I can remove elements):12:1
                	at Step(I should desapir field saying delete):14:5
                </stack-trace>
            </failure>
        </test-case>
        <test-case start='1668510787481' status='passed' stop='1668510787481'>
            <name></name>
            <title></title>
            <labels>
                <label name='language' value='javascript'/>
                <label name='framework' value='wdio'/>
                <label name='thread' value='0-0'/>
            </labels>
            <parameters>
                <parameter kind='argument' name='browser' value='chrome-107.0.5304.107'/>
            </parameters>
            <steps/>
            <attachments/>
        </test-case>
    </test-cases>
</ns2:test-suite>