<?xml version='1.0'?>
<ns2:test-suite xmlns:ns2='urn:model.allure.qatools.yandex.ru' start='1668507740579' stop='1668507742255'>
    <name>Add and remove page: I can add elements</name>
    <title>Add and remove page: I can add elements</title>
    <test-cases>
        <test-case start='1668507740580' status='passed' stop='1668507740581'>
            <name></name>
            <title></title>
            <labels>
                <label name='language' value='javascript'/>
                <label name='framework' value='wdio'/>
                <label name='thread' value='0-0'/>
            </labels>
            <parameters>
                <parameter kind='argument' name='browser' value='chrome-107.0.5304.107'/>
            </parameters>
            <steps/>
            <attachments/>
        </test-case>
        <test-case start='1668507740581' status='passed' stop='1668507742253'>
            <name>Given I am on the "add_remove_elements/" page</name>
            <title>Given I am on the "add_remove_elements/" page</title>
            <labels>
                <label name='language' value='javascript'/>
                <label name='framework' value='wdio'/>
                <label name='thread' value='0-0'/>
            </labels>
            <parameters>
                <parameter kind='argument' name='browser' value='chrome-107.0.5304.107'/>
            </parameters>
            <steps>
                <step start='1668507740583' status='passed' stop='1668507742252'>
                    <name>POST /session/:sessionId/url</name>
                    <title>POST /session/:sessionId/url</title>
                    <attachments>
                        <attachment title='Request' source='410eb250-b657-430a-b509-c70265c8bb69-attachment.json' type='application/json' size='70'/>
                    </attachments>
                    <steps/>
                </step>
            </steps>
            <attachments/>
        </test-case>
        <test-case start='1668507742253' status='broken' stop='1668507742254'>
            <name>When I add elemnts with clic add elemnts</name>
            <title>When I add elemnts with clic add elemnts</title>
            <labels>
                <label name='language' value='javascript'/>
                <label name='framework' value='wdio'/>
                <label name='thread' value='0-0'/>
            </labels>
            <parameters>
                <parameter kind='argument' name='browser' value='chrome-107.0.5304.107'/>
            </parameters>
            <steps/>
            <attachments/>
            <failure>
                <message>Step "I add elemnts with clic add elemnts" is not defined. You can ignore this error by setting cucumberOpts.ignoreUndefinedDefinitions as true.</message>
                <stack-trace>Step "I add elemnts with clic add elemnts" is not defined. You can ignore this error by setting cucumberOpts.ignoreUndefinedDefinitions as true.
                	at Feature(C:\Users\pauli\Desktop\Evolution bootcamp\CodeScreen_1tfqajnk\features\add-remove-elements.feature):1:1
                	at Scenario(I can add elements):7:1
                	at Step(I add elemnts with clic add elemnts):8:5
                </stack-trace>
            </failure>
        </test-case>
        <test-case start='1668507742254' status='broken' stop='1668507742254'>
            <name>Then I should see a field saying &lt;delete></name>
            <title>Then I should see a field saying &lt;delete></title>
            <labels>
                <label name='language' value='javascript'/>
                <label name='framework' value='wdio'/>
                <label name='thread' value='0-0'/>
            </labels>
            <parameters>
                <parameter kind='argument' name='browser' value='chrome-107.0.5304.107'/>
            </parameters>
            <steps/>
            <attachments/>
            <failure>
                <message>Step "I should see a field saying &lt;delete>" is not defined. You can ignore this error by setting cucumberOpts.ignoreUndefinedDefinitions as true.</message>
                <stack-trace>Step "I should see a field saying &lt;delete>" is not defined. You can ignore this error by setting cucumberOpts.ignoreUndefinedDefinitions as true.
                	at Feature(C:\Users\pauli\Desktop\Evolution bootcamp\CodeScreen_1tfqajnk\features\add-remove-elements.feature):1:1
                	at Scenario(I can add elements):7:1
                	at Step(I should see a field saying &lt;delete>):9:5
                </stack-trace>
            </failure>
        </test-case>
        <test-case start='1668507742254' status='passed' stop='1668507742254'>
            <name></name>
            <title></title>
            <labels>
                <label name='language' value='javascript'/>
                <label name='framework' value='wdio'/>
                <label name='thread' value='0-0'/>
            </labels>
            <parameters>
                <parameter kind='argument' name='browser' value='chrome-107.0.5304.107'/>
            </parameters>
            <steps/>
            <attachments/>
        </test-case>
    </test-cases>
</ns2:test-suite>